[2020-09-11 12:08:20,242] INFO [GroupMetadataManager brokerId=0] Removed 0 expired offsets in 0 milliseconds. (kafka.coordinator.group.GroupMetadataManager)
[2020-09-11 12:15:21,736] INFO [GroupCoordinator 0]: Preparing to rebalance group myGroup in state PreparingRebalance with old generation 48 (__consumer_offsets-17) (reason: Adding new member rdkafka-a66305fe-41c4-478f-be92-e52da98c8c02 with group instance id None) (kafka.coordinator.group.GroupCoordinator)
[2020-09-11 12:15:21,757] INFO [GroupCoordinator 0]: Stabilized group myGroup generation 49 (__consumer_offsets-17) (kafka.coordinator.group.GroupCoordinator)
[2020-09-11 12:15:21,766] INFO [GroupCoordinator 0]: Assignment received from leader for group myGroup for generation 49 (kafka.coordinator.group.GroupCoordinator)
[2020-09-11 12:15:40,910] INFO [GroupCoordinator 0]: Member rdkafka-a66305fe-41c4-478f-be92-e52da98c8c02 in group myGroup has failed, removing it from the group (kafka.coordinator.group.GroupCoordinator)
[2020-09-11 12:15:40,911] INFO [GroupCoordinator 0]: Preparing to rebalance group myGroup in state PreparingRebalance with old generation 49 (__consumer_offsets-17) (reason: removing member rdkafka-a66305fe-41c4-478f-be92-e52da98c8c02 on heartbeat expiration) (kafka.coordinator.group.GroupCoordinator)
[2020-09-11 12:15:40,911] INFO [GroupCoordinator 0]: Group myGroup with generation 50 is now empty (__consumer_offsets-17) (kafka.coordinator.group.GroupCoordinator)
[2020-09-11 12:17:39,646] INFO [GroupCoordinator 0]: Pending member rdkafka-aaab64f1-9860-485d-bca3-aa9aa4769bb5 in group myGroup has been removed after session timeout expiration. (kafka.coordinator.group.GroupCoordinator)
[2020-09-11 12:17:50,381] INFO [GroupCoordinator 0]: Preparing to rebalance group myGroup in state PreparingRebalance with old generation 50 (__consumer_offsets-17) (reason: Adding new member rdkafka-ac335af4-3fd5-4070-a451-e315f5b38114 with group instance id None) (kafka.coordinator.group.GroupCoordinator)
[2020-09-11 12:17:50,383] INFO [GroupCoordinator 0]: Stabilized group myGroup generation 51 (__consumer_offsets-17) (kafka.coordinator.group.GroupCoordinator)
[2020-09-11 12:17:50,384] INFO [GroupCoordinator 0]: Assignment received from leader for group myGroup for generation 51 (kafka.coordinator.group.GroupCoordinator)
[2020-09-11 12:18:07,975] INFO [GroupCoordinator 0]: Member rdkafka-ac335af4-3fd5-4070-a451-e315f5b38114 in group myGroup has failed, removing it from the group (kafka.coordinator.group.GroupCoordinator)
[2020-09-11 12:18:07,975] INFO [GroupCoordinator 0]: Preparing to rebalance group myGroup in state PreparingRebalance with old generation 51 (__consumer_offsets-17) (reason: removing member rdkafka-ac335af4-3fd5-4070-a451-e315f5b38114 on heartbeat expiration) (kafka.coordinator.group.GroupCoordinator)
[2020-09-11 12:18:07,975] INFO [GroupCoordinator 0]: Group myGroup with generation 52 is now empty (__consumer_offsets-17) (kafka.coordinator.group.GroupCoordinator)
[2020-09-11 12:18:20,229] INFO [GroupMetadataManager brokerId=0] Removed 0 expired offsets in 0 milliseconds. (kafka.coordinator.group.GroupMetadataManager)
[2020-09-11 12:20:05,608] INFO [GroupCoordinator 0]: Preparing to rebalance group myGroup in state PreparingRebalance with old generation 52 (__consumer_offsets-17) (reason: Adding new member rdkafka-fb2eae3c-2541-4301-a944-9cea52fddb90 with group instance id None) (kafka.coordinator.group.GroupCoordinator)
[2020-09-11 12:20:05,616] INFO [GroupCoordinator 0]: Stabilized group myGroup generation 53 (__consumer_offsets-17) (kafka.coordinator.group.GroupCoordinator)
[2020-09-11 12:20:05,617] INFO [GroupCoordinator 0]: Assignment received from leader for group myGroup for generation 53 (kafka.coordinator.group.GroupCoordinator)
[2020-09-11 12:20:19,796] INFO [GroupCoordinator 0]: Member rdkafka-fb2eae3c-2541-4301-a944-9cea52fddb90 in group myGroup has failed, removing it from the group (kafka.coordinator.group.GroupCoordinator)
[2020-09-11 12:20:19,797] INFO [GroupCoordinator 0]: Preparing to rebalance group myGroup in state PreparingRebalance with old generation 53 (__consumer_offsets-17) (reason: removing member rdkafka-fb2eae3c-2541-4301-a944-9cea52fddb90 on heartbeat expiration) (kafka.coordinator.group.GroupCoordinator)
[2020-09-11 12:20:19,797] INFO [GroupCoordinator 0]: Group myGroup with generation 54 is now empty (__consumer_offsets-17) (kafka.coordinator.group.GroupCoordinator)
[2020-09-11 12:21:52,703] INFO [GroupCoordinator 0]: Preparing to rebalance group myGroup in state PreparingRebalance with old generation 54 (__consumer_offsets-17) (reason: Adding new member rdkafka-099d6e57-0bdb-4470-8c86-d608d2b3f21f with group instance id None) (kafka.coordinator.group.GroupCoordinator)
[2020-09-11 12:21:52,712] INFO [GroupCoordinator 0]: Stabilized group myGroup generation 55 (__consumer_offsets-17) (kafka.coordinator.group.GroupCoordinator)
[2020-09-11 12:21:52,714] INFO [GroupCoordinator 0]: Assignment received from leader for group myGroup for generation 55 (kafka.coordinator.group.GroupCoordinator)
[2020-09-11 12:22:07,327] INFO [GroupCoordinator 0]: Member rdkafka-099d6e57-0bdb-4470-8c86-d608d2b3f21f in group myGroup has failed, removing it from the group (kafka.coordinator.group.GroupCoordinator)
[2020-09-11 12:22:07,327] INFO [GroupCoordinator 0]: Preparing to rebalance group myGroup in state PreparingRebalance with old generation 55 (__consumer_offsets-17) (reason: removing member rdkafka-099d6e57-0bdb-4470-8c86-d608d2b3f21f on heartbeat expiration) (kafka.coordinator.group.GroupCoordinator)
[2020-09-11 12:22:07,328] INFO [GroupCoordinator 0]: Group myGroup with generation 56 is now empty (__consumer_offsets-17) (kafka.coordinator.group.GroupCoordinator)
[2020-09-11 12:28:20,195] INFO [GroupMetadataManager brokerId=0] Removed 0 expired offsets in 0 milliseconds. (kafka.coordinator.group.GroupMetadataManager)
[2020-09-11 12:34:29,313] INFO [GroupCoordinator 0]: Preparing to rebalance group myGroup in state PreparingRebalance with old generation 56 (__consumer_offsets-17) (reason: Adding new member rdkafka-c9e2865b-e967-40a7-89ce-866fe620e737 with group instance id None) (kafka.coordinator.group.GroupCoordinator)
[2020-09-11 12:34:29,316] INFO [GroupCoordinator 0]: Stabilized group myGroup generation 57 (__consumer_offsets-17) (kafka.coordinator.group.GroupCoordinator)
[2020-09-11 12:34:29,317] INFO [GroupCoordinator 0]: Assignment received from leader for group myGroup for generation 57 (kafka.coordinator.group.GroupCoordinator)
[2020-09-11 12:34:39,320] INFO [GroupCoordinator 0]: Member rdkafka-c9e2865b-e967-40a7-89ce-866fe620e737 in group myGroup has failed, removing it from the group (kafka.coordinator.group.GroupCoordinator)
[2020-09-11 12:34:39,322] INFO [GroupCoordinator 0]: Preparing to rebalance group myGroup in state PreparingRebalance with old generation 57 (__consumer_offsets-17) (reason: removing member rdkafka-c9e2865b-e967-40a7-89ce-866fe620e737 on heartbeat expiration) (kafka.coordinator.group.GroupCoordinator)
[2020-09-11 12:34:39,322] INFO [GroupCoordinator 0]: Group myGroup with generation 58 is now empty (__consumer_offsets-17) (kafka.coordinator.group.GroupCoordinator)
[2020-09-11 12:35:45,616] INFO [GroupCoordinator 0]: Preparing to rebalance group myGroup in state PreparingRebalance with old generation 58 (__consumer_offsets-17) (reason: Adding new member rdkafka-d7c9ebd6-7e40-4192-9d7a-fa92de37ca25 with group instance id None) (kafka.coordinator.group.GroupCoordinator)
[2020-09-11 12:35:45,617] INFO [GroupCoordinator 0]: Stabilized group myGroup generation 59 (__consumer_offsets-17) (kafka.coordinator.group.GroupCoordinator)
[2020-09-11 12:35:45,618] INFO [GroupCoordinator 0]: Assignment received from leader for group myGroup for generation 59 (kafka.coordinator.group.GroupCoordinator)
[2020-09-11 12:36:00,465] INFO [GroupCoordinator 0]: Member rdkafka-d7c9ebd6-7e40-4192-9d7a-fa92de37ca25 in group myGroup has failed, removing it from the group (kafka.coordinator.group.GroupCoordinator)
[2020-09-11 12:36:00,467] INFO [GroupCoordinator 0]: Preparing to rebalance group myGroup in state PreparingRebalance with old generation 59 (__consumer_offsets-17) (reason: removing member rdkafka-d7c9ebd6-7e40-4192-9d7a-fa92de37ca25 on heartbeat expiration) (kafka.coordinator.group.GroupCoordinator)
[2020-09-11 12:36:00,467] INFO [GroupCoordinator 0]: Group myGroup with generation 60 is now empty (__consumer_offsets-17) (kafka.coordinator.group.GroupCoordinator)
[2020-09-11 12:38:20,173] INFO [GroupMetadataManager brokerId=0] Removed 0 expired offsets in 0 milliseconds. (kafka.coordinator.group.GroupMetadataManager)
